2018-02-28T09:12:46.981Z - normal: Load ~/.CocosCreator/settings.json
2018-02-28T09:12:46.989Z - normal: checking language setting...
2018-02-28T09:12:46.990Z - normal: Language: zh
2018-02-28T09:12:53.616Z - success: protocol editor-framework registered
2018-02-28T09:12:53.616Z - success: protocol app registered
2018-02-28T09:12:53.616Z - success: protocol theme registered
2018-02-28T09:12:53.616Z - success: protocol packages registered
2018-02-28T09:12:53.617Z - success: protocol unpack registerred
2018-02-28T09:12:53.617Z - success: protocol disable-commonjs registerred
2018-02-28T09:12:53.852Z - normal: connected!
2018-02-28T09:12:53.857Z - normal: Check project E:\start_project\start_project
2018-02-28T09:12:53.861Z - normal: Initializing Cocos2d
2018-02-28T09:12:55.544Z - normal: Initializing Asset Database
2018-02-28T09:12:55.659Z - success: protocol uuid registerred
2018-02-28T09:12:55.659Z - success: protocol db registerred
2018-02-28T09:12:55.659Z - success: protocol thumbnail registerred
2018-02-28T09:12:55.660Z - normal: Loading editor/builtin packages
2018-02-28T09:12:55.704Z - success: anysdk loaded
2018-02-28T09:12:55.864Z - success: assets loaded
2018-02-28T09:12:55.866Z - success: builder loaded
2018-02-28T09:12:55.870Z - success: cocos-analytics loaded
2018-02-28T09:12:55.874Z - success: console loaded
2018-02-28T09:12:55.878Z - success: hierarchy loaded
2018-02-28T09:12:55.882Z - success: inspector loaded
2018-02-28T09:12:55.883Z - success: keystore loaded
2018-02-28T09:12:55.887Z - success: node-library loaded
2018-02-28T09:12:55.889Z - success: package-asset loaded
2018-02-28T09:12:55.892Z - success: preferences loaded
2018-02-28T09:12:55.894Z - success: project-exporter loaded
2018-02-28T09:12:55.915Z - success: project-importer loaded
2018-02-28T09:12:55.917Z - success: project-settings loaded
2018-02-28T09:12:55.920Z - success: ui-kit loaded
2018-02-28T09:12:55.934Z - success: ui-grid loaded
2018-02-28T09:12:55.938Z - success: scene loaded
2018-02-28T09:12:55.941Z - success: sprite-editor loaded
2018-02-28T09:12:55.944Z - success: store loaded
2018-02-28T09:12:55.950Z - success: timeline loaded
2018-02-28T09:12:55.950Z - normal: Loading builtin packages
2018-02-28T09:12:55.962Z - success: asset-db-debugger loaded
2018-02-28T09:12:55.965Z - success: code-editor loaded
2018-02-28T09:12:55.976Z - success: color-picker loaded
2018-02-28T09:12:55.979Z - success: package-manager loaded
2018-02-28T09:12:55.984Z - success: sdkbox loaded
2018-02-28T09:12:55.989Z - success: tester loaded
2018-02-28T09:12:55.992Z - success: ui-kit-preview-extra loaded
2018-02-28T09:12:55.994Z - success: ui-kit-preview loaded
2018-02-28T09:12:55.996Z - success: ui-tree loaded
2018-02-28T09:12:57.479Z - normal: Initializing project E:\start_project\start_project
2018-02-28T09:12:57.487Z - normal: Loading packages
2018-02-28T09:12:57.494Z - normal: Watching packages
2018-02-28T09:12:57.562Z - normal: Run Application
2018-02-28T09:12:59.439Z - success: preview server running at http://localhost:7456
2018-02-28T09:13:08.016Z - normal: 1.8.1
2018-02-28T09:25:24.675Z - normal: Start building with options : {
  "androidStudio": true,
  "apiLevel": "",
  "appABIs": [],
  "appKey": "",
  "appSecret": "",
  "buildPath": "E:\\start_project\\start_project\\build",
  "debug": false,
  "dest": "E:\\start_project\\start_project\\build\\wechatgame",
  "encryptJs": true,
  "excludeScenes": [],
  "excludedModules": [],
  "includeAnySDK": false,
  "includeEruda": false,
  "includeSDKBox": false,
  "inlineSpriteFrames": true,
  "inlineSpriteFrames_native": true,
  "jailbreakPlatform": false,
  "md5Cache": false,
  "mergeStartScene": false,
  "oauthLoginServer": "",
  "optimizeHotUpdate": false,
  "orientation": {
    "landscapeLeft": true,
    "landscapeRight": true,
    "portrait": false,
    "upsideDown": false
  },
  "packageName": "org.cocos2d.start_project",
  "platform": "wechatgame",
  "previewHeight": "720",
  "previewWidth": "1280",
  "privateKey": "",
  "renderMode": "1",
  "scenes": [
    "dbbbf2a4-d9fc-4ac2-8410-68c630486f5a",
    "b3983a6b-617e-4570-8d8a-b1e0efc8ae42"
  ],
  "sourceMaps": false,
  "startScene": "dbbbf2a4-d9fc-4ac2-8410-68c630486f5a",
  "template": "link",
  "title": "start_project",
  "useDebugKeystore": true,
  "vsVersion": "auto",
  "webOrientation": "auto",
  "wechatgame": {
    "appid": "wxb9ba19d19280bbf9",
    "orientation": "landscape"
  },
  "xxteaKey": "a755660b-b033-45",
  "zipCompressJs": true,
  "project": "E:\\start_project\\start_project",
  "projectName": "start_project",
  "debugBuildWorker": false
}
2018-02-28T09:25:24.678Z - normal: Building E:\start_project\start_project
2018-02-28T09:25:24.678Z - normal: Destination E:\start_project\start_project\build\wechatgame
2018-02-28T09:25:25.670Z - normal: Delete E:\start_project\start_project\build\wechatgame\**\*
2018-02-28T09:26:52.512Z - normal: Compiled project javascript file successfully
2018-02-28T09:26:52.514Z - normal: Start building assets
2018-02-28T09:26:52.515Z - normal: Start spawn build-worker
2018-02-28T09:26:53.701Z - normal: Finish spawn build-worker
2018-02-28T09:26:53.702Z - normal: Start init build-worker
2018-02-28T09:26:57.075Z - normal: 1.8.1
2018-02-28T09:26:57.179Z - normal: Finish init build-worker
2018-02-28T09:26:57.179Z - normal: Start build-assets in worker
2018-02-28T09:26:57.934Z - normal: Finish build-assets in worker
2018-02-28T09:26:57.944Z - normal: Finish building assets
2018-02-28T09:26:57.990Z - normal: Start building raw assets
2018-02-28T09:26:57.993Z - normal: Start building plugin scripts
2018-02-28T09:26:58.065Z - normal: Finish building raw assets
2018-02-28T09:26:58.111Z - normal: Generating main.js from D:\CocosCreator\resources\static\build-templates\shares\main.js
2018-02-28T09:26:58.352Z - normal: Built to "E:\start_project\start_project\build\wechatgame" successfully
2018-02-28T09:29:07.191Z - normal: Start building with options : {
  "androidStudio": true,
  "apiLevel": "",
  "appABIs": [],
  "appKey": "",
  "appSecret": "",
  "buildPath": "E:\\start_project\\start_project\\build",
  "debug": false,
  "dest": "E:\\start_project\\start_project\\build\\wechatgame",
  "encryptJs": true,
  "excludeScenes": [],
  "excludedModules": [],
  "includeAnySDK": false,
  "includeEruda": false,
  "includeSDKBox": false,
  "inlineSpriteFrames": true,
  "inlineSpriteFrames_native": true,
  "jailbreakPlatform": false,
  "md5Cache": false,
  "mergeStartScene": false,
  "oauthLoginServer": "",
  "optimizeHotUpdate": false,
  "orientation": {
    "landscapeLeft": true,
    "landscapeRight": true,
    "portrait": false,
    "upsideDown": false
  },
  "packageName": "org.cocos2d.start_project",
  "platform": "wechatgame",
  "previewHeight": "720",
  "previewWidth": "1280",
  "privateKey": "",
  "renderMode": "1",
  "scenes": [
    "dbbbf2a4-d9fc-4ac2-8410-68c630486f5a",
    "b3983a6b-617e-4570-8d8a-b1e0efc8ae42"
  ],
  "sourceMaps": false,
  "startScene": "dbbbf2a4-d9fc-4ac2-8410-68c630486f5a",
  "template": "link",
  "title": "start_project",
  "useDebugKeystore": true,
  "vsVersion": "auto",
  "webOrientation": "auto",
  "wechatgame": {
    "appid": "wxb9ba19d19280bbf9",
    "orientation": "landscape"
  },
  "xxteaKey": "a755660b-b033-45",
  "zipCompressJs": true,
  "project": "E:\\start_project\\start_project",
  "projectName": "start_project",
  "debugBuildWorker": false
}
2018-02-28T09:29:07.197Z - normal: Building E:\start_project\start_project
2018-02-28T09:29:07.198Z - normal: Destination E:\start_project\start_project\build\wechatgame
2018-02-28T09:29:07.201Z - normal: Delete E:\start_project\start_project\build\wechatgame\**\*
2018-02-28T09:29:15.003Z - normal: Compiled project javascript file successfully
2018-02-28T09:29:15.004Z - normal: Start building assets
2018-02-28T09:29:15.004Z - normal: Start spawn build-worker
2018-02-28T09:29:18.488Z - normal: Finish spawn build-worker
2018-02-28T09:29:18.489Z - normal: Start init build-worker
2018-02-28T09:29:27.088Z - normal: 1.8.1
2018-02-28T09:29:27.274Z - normal: Finish init build-worker
2018-02-28T09:29:27.274Z - normal: Start build-assets in worker
2018-02-28T09:29:28.422Z - normal: Finish build-assets in worker
2018-02-28T09:29:28.488Z - normal: Finish building assets
2018-02-28T09:29:28.532Z - normal: Start building raw assets
2018-02-28T09:29:28.536Z - normal: Start building plugin scripts
2018-02-28T09:29:28.804Z - normal: Finish building raw assets
2018-02-28T09:29:28.810Z - normal: Generating main.js from D:\CocosCreator\resources\static\build-templates\shares\main.js
2018-02-28T09:29:29.206Z - normal: Built to "E:\start_project\start_project\build\wechatgame" successfully
2018-02-28T09:29:47.649Z - normal: Start building with options : {
  "androidStudio": true,
  "apiLevel": "",
  "appABIs": [],
  "appKey": "",
  "appSecret": "",
  "buildPath": "E:\\start_project\\start_project\\build",
  "debug": false,
  "dest": "E:\\start_project\\start_project\\build\\wechatgame",
  "encryptJs": true,
  "excludeScenes": [],
  "excludedModules": [],
  "includeAnySDK": false,
  "includeEruda": false,
  "includeSDKBox": false,
  "inlineSpriteFrames": true,
  "inlineSpriteFrames_native": true,
  "jailbreakPlatform": false,
  "md5Cache": false,
  "mergeStartScene": false,
  "oauthLoginServer": "",
  "optimizeHotUpdate": false,
  "orientation": {
    "landscapeLeft": true,
    "landscapeRight": true,
    "portrait": false,
    "upsideDown": false
  },
  "packageName": "org.cocos2d.start_project",
  "platform": "wechatgame",
  "previewHeight": "720",
  "previewWidth": "1280",
  "privateKey": "",
  "renderMode": "1",
  "scenes": [
    "b3983a6b-617e-4570-8d8a-b1e0efc8ae42",
    "dbbbf2a4-d9fc-4ac2-8410-68c630486f5a"
  ],
  "sourceMaps": false,
  "startScene": "b3983a6b-617e-4570-8d8a-b1e0efc8ae42",
  "template": "link",
  "title": "start_project",
  "useDebugKeystore": true,
  "vsVersion": "auto",
  "webOrientation": "auto",
  "wechatgame": {
    "appid": "wxb9ba19d19280bbf9",
    "orientation": "landscape"
  },
  "xxteaKey": "a755660b-b033-45",
  "zipCompressJs": true,
  "project": "E:\\start_project\\start_project",
  "projectName": "start_project",
  "debugBuildWorker": false
}
2018-02-28T09:29:47.650Z - normal: Building E:\start_project\start_project
2018-02-28T09:29:47.650Z - normal: Destination E:\start_project\start_project\build\wechatgame
2018-02-28T09:29:47.651Z - normal: Delete E:\start_project\start_project\build\wechatgame\**\*
2018-02-28T09:29:54.248Z - normal: Compiled project javascript file successfully
2018-02-28T09:29:54.248Z - normal: Start building assets
2018-02-28T09:29:54.249Z - normal: Start spawn build-worker
2018-02-28T09:29:56.398Z - normal: Finish spawn build-worker
2018-02-28T09:29:56.398Z - normal: Start init build-worker
2018-02-28T09:30:02.075Z - normal: 1.8.1
2018-02-28T09:30:02.198Z - normal: Finish init build-worker
2018-02-28T09:30:02.199Z - normal: Start build-assets in worker
2018-02-28T09:30:02.942Z - normal: Finish build-assets in worker
2018-02-28T09:30:02.959Z - normal: Finish building assets
2018-02-28T09:30:03.026Z - normal: Start building raw assets
2018-02-28T09:30:03.027Z - normal: Start building plugin scripts
2018-02-28T09:30:03.145Z - normal: Finish building raw assets
2018-02-28T09:30:03.153Z - normal: Generating main.js from D:\CocosCreator\resources\static\build-templates\shares\main.js
2018-02-28T09:30:03.490Z - normal: Built to "E:\start_project\start_project\build\wechatgame" successfully
